<?xml version="1.0" encoding="UTF-8"?>
<!-- Generated by org.testng.reporters.JUnitReportReporter -->
<testsuite hostname="DESKTOP-NC38UV2" failures="0" tests="1" name="Task.Snowcity" time="11.857" errors="0" timestamp="2023-05-11T17:38:49 BST" skipped="0">
  <testcase classname="Task.Snowcity" name="direction" time="11.857"/>
  <system-out/>
</testsuite> <!-- Task.Snowcity -->
