<?xml version="1.0" encoding="UTF-8"?>
<!-- Generated by org.testng.reporters.JUnitReportReporter -->
<testsuite hostname="DESKTOP-NC38UV2" failures="0" tests="5" name="LearningTestNg.Learning_Prioritisation" time="0.005" errors="0" timestamp="2023-05-17T13:15:00 BST" skipped="0">
  <testcase classname="LearningTestNg.Learning_Prioritisation" name="registerTest" time="0.001"/>
  <system-out/>
  <testcase classname="LearningTestNg.Learning_Prioritisation" name="loginTest" time="0.001"/>
  <system-out/>
  <testcase classname="LearningTestNg.Learning_Prioritisation" name="wishlistTest" time="0.001"/>
  <system-out/>
  <testcase classname="LearningTestNg.Learning_Prioritisation" name="cartTest" time="0.001"/>
  <system-out/>
  <testcase classname="LearningTestNg.Learning_Prioritisation" name="endtoendTest" time="0.001"/>
  <system-out/>
</testsuite> <!-- LearningTestNg.Learning_Prioritisation -->
