<?xml version="1.0" encoding="UTF-8"?>
<!-- Generated by org.testng.reporters.JUnitReportReporter -->
<testsuite hostname="DESKTOP-NC38UV2" failures="0" tests="1" name="LearningTestNg.SimpleTestCase" time="5.582" errors="0" timestamp="2023-05-17T13:20:59 BST" skipped="0">
  <testcase classname="LearningTestNg.SimpleTestCase" name="Testcase1" time="5.582"/>
  <system-out/>
</testsuite> <!-- LearningTestNg.SimpleTestCase -->
