<?xml version="1.0" encoding="UTF-8"?>
<!-- Generated by org.testng.reporters.JUnitReportReporter -->
<testsuite hostname="DESKTOP-NC38UV2" failures="0" tests="5" name="LearningTestNg.PrioritizeTC" time="0.039" errors="0" timestamp="2023-05-09T11:34:22 BST" skipped="0">
  <testcase classname="LearningTestNg.PrioritizeTC" name="registerTest" time="0.015"/>
  <system-out/>
  <testcase classname="LearningTestNg.PrioritizeTC" name="loginTest" time="0.002"/>
  <system-out/>
  <testcase classname="LearningTestNg.PrioritizeTC" name="wishlistTest" time="0.010"/>
  <system-out/>
  <testcase classname="LearningTestNg.PrioritizeTC" name="cartTest" time="0.004"/>
  <system-out/>
  <testcase classname="LearningTestNg.PrioritizeTC" name="endtoendTest" time="0.008"/>
  <system-out/>
</testsuite> <!-- LearningTestNg.PrioritizeTC -->
