<?xml version="1.0" encoding="UTF-8"?>
<!-- Generated by org.testng.reporters.JUnitReportReporter -->
<testsuite hostname="DESKTOP-NC38UV2" failures="0" tests="2" name="LearningTestNg.DataDrivenTesting" time="0.017" errors="0" timestamp="2023-05-17T13:15:01 BST" skipped="0">
  <testcase classname="LearningTestNg.DataDrivenTesting" name="LoginTestCase" time="0.012"/>
  <system-out/>
  <testcase classname="LearningTestNg.DataDrivenTesting" name="LoginTestCase" time="0.005"/>
  <system-out/>
</testsuite> <!-- LearningTestNg.DataDrivenTesting -->
