<?xml version="1.0" encoding="UTF-8"?>
<!-- Generated by org.testng.reporters.JUnitReportReporter -->
<testsuite hostname="DESKTOP-NC38UV2" failures="0" tests="1" name="LearningTestNg.RegisterTestDDT" time="5.063" errors="0" timestamp="2023-05-17T13:15:01 BST" skipped="0">
  <testcase classname="LearningTestNg.RegisterTestDDT" name="RegisterTest" time="5.063"/>
  <system-out/>
</testsuite> <!-- LearningTestNg.RegisterTestDDT -->
