<?xml version="1.0" encoding="UTF-8"?>
<!-- Generated by org.testng.reporters.JUnitReportReporter -->
<testsuite hostname="DESKTOP-NC38UV2" failures="0" tests="1" name="Task.Selenium" time="24.822" errors="0" timestamp="2023-05-11T00:46:27 BST" skipped="0">
  <testcase classname="Task.Selenium" name="seleniumTestExecuter" time="24.822"/>
  <system-out/>
</testsuite> <!-- Task.Selenium -->
