<?xml version="1.0" encoding="UTF-8"?>
<!-- Generated by org.testng.reporters.JUnitReportReporter -->
<testsuite hostname="DESKTOP-NC38UV2" failures="0" tests="1" name="LearningTestNg.ChronologicalOrder" time="0.004" errors="0" timestamp="2023-05-17T13:15:01 BST" skipped="0">
  <testcase classname="LearningTestNg.ChronologicalOrder" name="TestAnnotation" time="0.004"/>
  <system-out/>
</testsuite> <!-- LearningTestNg.ChronologicalOrder -->
