<?xml version="1.0" encoding="UTF-8"?>
<!-- Generated by org.testng.reporters.JUnitReportReporter -->
<testsuite hostname="DESKTOP-NC38UV2" failures="0" tests="1" name="LearningTestNg.Learning_TestAnnotation" time="0.015" errors="0" timestamp="2023-05-17T13:20:59 BST" skipped="0">
  <testcase classname="LearningTestNg.Learning_TestAnnotation" name="sampleTest" time="0.015"/>
  <system-out/>
</testsuite> <!-- LearningTestNg.Learning_TestAnnotation -->
