<?xml version="1.0" encoding="UTF-8"?>
<!-- Generated by org.testng.reporters.JUnitReportReporter -->
<testsuite hostname="DESKTOP-NC38UV2" failures="0" tests="1" name="Assertion.Learning_HardASsertion" time="4.034" errors="0" timestamp="2023-05-16T11:05:50 BST" skipped="0">
  <testcase classname="Assertion.Learning_HardASsertion" name="Assertion" time="4.034"/>
  <system-out/>
</testsuite> <!-- Assertion.Learning_HardASsertion -->
