<?xml version="1.0" encoding="UTF-8"?>
<!-- Generated by org.testng.reporters.JUnitReportReporter -->
<testsuite hostname="DESKTOP-NC38UV2" failures="0" tests="2" name="LearningTestNg.LoginTestUsingDDT" time="13.322" errors="0" timestamp="2023-05-17T13:15:01 BST" skipped="0">
  <testcase classname="LearningTestNg.LoginTestUsingDDT" name="loginTest" time="6.710"/>
  <system-out/>
  <testcase classname="LearningTestNg.LoginTestUsingDDT" name="loginTest" time="6.612"/>
  <system-out/>
</testsuite> <!-- LearningTestNg.LoginTestUsingDDT -->
