<?xml version="1.0" encoding="UTF-8"?>
<!-- Generated by org.testng.reporters.JUnitReportReporter -->
<testsuite hostname="DESKTOP-NC38UV2" failures="0" tests="5" name="LearningTestNg.LearningDependson" time="0.008" errors="0" timestamp="2023-05-17T13:15:01 BST" skipped="0">
  <testcase classname="LearningTestNg.LearningDependson" name="wishlistTest" time="0.003"/>
  <system-out/>
  <testcase classname="LearningTestNg.LearningDependson" name="cartTest" time="0.002"/>
  <system-out/>
  <testcase classname="LearningTestNg.LearningDependson" name="endtoendTest" time="0.001"/>
  <system-out/>
  <testcase classname="LearningTestNg.LearningDependson" name="loginTest" time="0.001"/>
  <system-out/>
  <testcase classname="LearningTestNg.LearningDependson" name="registerTest" time="0.001"/>
  <system-out/>
</testsuite> <!-- LearningTestNg.LearningDependson -->
