<?xml version="1.0" encoding="UTF-8"?>
<!-- Generated by org.testng.reporters.JUnitReportReporter -->
<testsuite hostname="DESKTOP-NC38UV2" failures="0" tests="6" name="LearningTestNg.DatadriventestingExcel" time="0.015" errors="0" timestamp="2023-05-17T13:15:00 BST" skipped="0">
  <testcase classname="LearningTestNg.DatadriventestingExcel" name="RegisterTestData" time="0.002"/>
  <system-out/>
  <testcase classname="LearningTestNg.DatadriventestingExcel" name="RegisterTestData" time="0.002"/>
  <system-out/>
  <testcase classname="LearningTestNg.DatadriventestingExcel" name="RegisterTestData" time="0.002"/>
  <system-out/>
  <testcase classname="LearningTestNg.DatadriventestingExcel" name="RegisterTestData" time="0.002"/>
  <system-out/>
  <testcase classname="LearningTestNg.DatadriventestingExcel" name="RegisterTestData" time="0.002"/>
  <system-out/>
  <testcase classname="LearningTestNg.DatadriventestingExcel" name="RegisterTestData" time="0.005"/>
  <system-out/>
</testsuite> <!-- LearningTestNg.DatadriventestingExcel -->
